<?xml version="1.0" encoding="UTF-8"?>
<testsuites name="jest tests" tests="26" failures="0" errors="0" time="9.178">
  <testsuite name="Layout" errors="0" failures="0" skipped="0" timestamp="2021-09-21T22:36:14" time="3.453" tests="1">
    <testcase classname="Layout snapshot" name="Layout snapshot" time="0.105">
    </testcase>
  </testsuite>
  <testsuite name="useRegister" errors="0" failures="0" skipped="0" timestamp="2021-09-21T22:36:14" time="4.106" tests="1">
    <testcase classname="useRegister fist test" name="useRegister fist test" time="0.136">
    </testcase>
  </testsuite>
  <testsuite name="withPhotos" errors="0" failures="0" skipped="0" timestamp="2021-09-21T22:36:14" time="3.994" tests="1">
    <testcase classname="withPhotos snapshot" name="withPhotos snapshot" time="0.088">
    </testcase>
  </testsuite>
  <testsuite name="PhotoCard" errors="0" failures="0" skipped="0" timestamp="2021-09-21T22:36:14" time="3.979" tests="1">
    <testcase classname="PhotoCard snapshot" name="PhotoCard snapshot" time="0.11">
    </testcase>
  </testsuite>
  <testsuite name="ListOfFavs" errors="0" failures="0" skipped="0" timestamp="2021-09-21T22:36:14" time="3.861" tests="1">
    <testcase classname="ListOfFavs snapshot" name="ListOfFavs snapshot" time="0.115">
    </testcase>
  </testsuite>
  <testsuite name="ListOfPhotoCards" errors="0" failures="0" skipped="0" timestamp="2021-09-21T22:36:14" time="4.484" tests="1">
    <testcase classname="ListOfPhotoCards snapshot" name="ListOfPhotoCards snapshot" time="0.151">
    </testcase>
  </testsuite>
  <testsuite name="UserFormRedirect" errors="0" failures="0" skipped="0" timestamp="2021-09-21T22:36:18" time="0.895" tests="1">
    <testcase classname="UserFormRedirect snapshot" name="UserFormRedirect snapshot" time="0.08">
    </testcase>
  </testsuite>
  <testsuite name="SubmitButton" errors="0" failures="0" skipped="0" timestamp="2021-09-21T22:36:18" time="0.712" tests="1">
    <testcase classname="SubmitButton snapshot" name="SubmitButton snapshot" time="0.074">
    </testcase>
  </testsuite>
  <testsuite name="useRegister" errors="0" failures="0" skipped="0" timestamp="2021-09-21T22:36:18" time="0.628" tests="1">
    <testcase classname="useRegister fist test" name="useRegister fist test" time="0.025">
    </testcase>
  </testsuite>
  <testsuite name="useLogin" errors="0" failures="0" skipped="0" timestamp="2021-09-21T22:36:18" time="0.883" tests="1">
    <testcase classname="useLogin fist test" name="useLogin fist test" time="0.082">
    </testcase>
  </testsuite>
  <testsuite name="ListOfPhotoCardsComponent" errors="0" failures="0" skipped="0" timestamp="2021-09-21T22:36:18" time="1.307" tests="1">
    <testcase classname="ListOfPhotoCardsComponent snapshot" name="ListOfPhotoCardsComponent snapshot" time="0.026">
    </testcase>
  </testsuite>
  <testsuite name="ListOfCategories" errors="0" failures="0" skipped="0" timestamp="2021-09-21T22:36:18" time="0.872" tests="1">
    <testcase classname="ListOfCategories snapshot" name="ListOfCategories snapshot" time="0.201">
    </testcase>
  </testsuite>
  <testsuite name="PhotoCardWithQuery" errors="0" failures="0" skipped="0" timestamp="2021-09-21T22:36:14" time="5.501" tests="3">
    <testcase classname="PhotoCardWithQuery snapshot" name="PhotoCardWithQuery snapshot" time="0.141">
    </testcase>
    <testcase classname="PhotoCardWithQuery should render the PhotoCardWithQuery" name="PhotoCardWithQuery should render the PhotoCardWithQuery" time="0.144">
    </testcase>
    <testcase classname="PhotoCardWithQuery should render the error" name="PhotoCardWithQuery should render the error" time="0.034">
    </testcase>
  </testsuite>
  <testsuite name="FavButton" errors="0" failures="0" skipped="0" timestamp="2021-09-21T22:36:19" time="0.669" tests="1">
    <testcase classname="FavButton snapshot" name="FavButton snapshot" time="0.045">
    </testcase>
  </testsuite>
  <testsuite name="Category" errors="0" failures="0" skipped="0" timestamp="2021-09-21T22:36:19" time="0.652" tests="1">
    <testcase classname="Category snapshot" name="Category snapshot" time="0.042">
    </testcase>
  </testsuite>
  <testsuite name="UserForm" errors="0" failures="0" skipped="0" timestamp="2021-09-21T22:36:19" time="0.797" tests="1">
    <testcase classname="UserForm snapshot" name="UserForm snapshot" time="0.149">
    </testcase>
  </testsuite>
  <testsuite name="useInputValue" errors="0" failures="0" skipped="0" timestamp="2021-09-21T22:36:19" time="0.705" tests="1">
    <testcase classname="useInputValue fist test" name="useInputValue fist test" time="0.047">
    </testcase>
  </testsuite>
  <testsuite name="NavBar" errors="0" failures="0" skipped="0" timestamp="2021-09-21T22:36:19" time="0.808" tests="1">
    <testcase classname="NavBar snapshot" name="NavBar snapshot" time="0.097">
    </testcase>
  </testsuite>
  <testsuite name="Logo" errors="0" failures="0" skipped="0" timestamp="2021-09-21T22:36:19" time="0.708" tests="1">
    <testcase classname="Logo snapshot" name="Logo snapshot" time="0.054">
    </testcase>
  </testsuite>
  <testsuite name="ImageLogin" errors="0" failures="0" skipped="0" timestamp="2021-09-21T22:36:19" time="0.687" tests="1">
    <testcase classname="ImageLogin snapshot" name="ImageLogin snapshot" time="0.009">
    </testcase>
  </testsuite>
  <testsuite name="useCategoriesDatawithPhotos" errors="0" failures="0" skipped="0" timestamp="2021-09-21T22:36:20" time="0.512" tests="1">
    <testcase classname="useCategoriesDatawithPhotos fist test" name="useCategoriesDatawithPhotos fist test" time="0.007">
    </testcase>
  </testsuite>
  <testsuite name="useInputValue" errors="0" failures="0" skipped="0" timestamp="2021-09-21T22:36:20" time="0.491" tests="1">
    <testcase classname="useInputValue fist test" name="useInputValue fist test" time="0.003">
    </testcase>
  </testsuite>
  <testsuite name="ListOfFavs" errors="0" failures="0" skipped="0" timestamp="2021-09-21T22:36:20" time="0.428" tests="1">
    <testcase classname="ListOfFavs snapshot" name="ListOfFavs snapshot" time="0.006">
    </testcase>
  </testsuite>
  <testsuite name="useInputValue" errors="0" failures="0" skipped="0" timestamp="2021-09-21T22:36:20" time="0.474" tests="1">
    <testcase classname="useInputValue fist test" name="useInputValue fist test" time="0.019">
    </testcase>
  </testsuite>
</testsuites>