<?xml version="1.0" encoding="UTF-8"?>
<testsuites name="jest tests" tests="23" failures="0" errors="0" time="13.006">
  <testsuite name="Category" errors="0" failures="0" skipped="0" timestamp="2021-09-21T16:29:07" time="2.351" tests="1">
    <testcase classname="Category snapshot" name="Category snapshot" time="0.077">
    </testcase>
  </testsuite>
  <testsuite name="ListOfCategories" errors="0" failures="0" skipped="0" timestamp="2021-09-21T16:29:07" time="2.469" tests="1">
    <testcase classname="ListOfCategories snapshot" name="ListOfCategories snapshot" time="0.217">
    </testcase>
  </testsuite>
  <testsuite name="PhotoCard" errors="0" failures="0" skipped="0" timestamp="2021-09-21T16:29:07" time="2.894" tests="1">
    <testcase classname="PhotoCard snapshot" name="PhotoCard snapshot" time="0.083">
    </testcase>
  </testsuite>
  <testsuite name="ListOfFavs" errors="0" failures="0" skipped="0" timestamp="2021-09-21T16:29:07" time="2.927" tests="1">
    <testcase classname="ListOfFavs snapshot" name="ListOfFavs snapshot" time="0.095">
    </testcase>
  </testsuite>
  <testsuite name="ListOfPhotoCards" errors="0" failures="0" skipped="0" timestamp="2021-09-21T16:29:07" time="2.944" tests="1">
    <testcase classname="ListOfPhotoCards snapshot" name="ListOfPhotoCards snapshot" time="0.099">
    </testcase>
  </testsuite>
  <testsuite name="useRegister" errors="0" failures="0" skipped="0" timestamp="2021-09-21T16:29:07" time="3.148" tests="1">
    <testcase classname="useRegister fist test" name="useRegister fist test" time="0.06">
    </testcase>
  </testsuite>
  <testsuite name="UserForm" errors="0" failures="0" skipped="0" timestamp="2021-09-21T16:29:09" time="0.694" tests="1">
    <testcase classname="UserForm snapshot" name="UserForm snapshot" time="0.142">
    </testcase>
  </testsuite>
  <testsuite name="NavBar" errors="0" failures="0" skipped="0" timestamp="2021-09-21T16:29:10" time="0.589" tests="1">
    <testcase classname="NavBar snapshot" name="NavBar snapshot" time="0.05">
    </testcase>
  </testsuite>
  <testsuite name="ListOfPhotoCardsComponent" errors="0" failures="0" skipped="0" timestamp="2021-09-21T16:29:07" time="3.24" tests="1">
    <testcase classname="ListOfPhotoCardsComponent snapshot" name="ListOfPhotoCardsComponent snapshot" time="0.137">
    </testcase>
  </testsuite>
  <testsuite name="FavButton" errors="0" failures="0" skipped="0" timestamp="2021-09-21T16:29:10" time="0.543" tests="1">
    <testcase classname="FavButton snapshot" name="FavButton snapshot" time="0.04">
    </testcase>
  </testsuite>
  <testsuite name="Logo" errors="0" failures="0" skipped="0" timestamp="2021-09-21T16:29:10" time="0.558" tests="1">
    <testcase classname="Logo snapshot" name="Logo snapshot" time="0.075">
    </testcase>
  </testsuite>
  <testsuite name="withPhotos" errors="0" failures="0" skipped="0" timestamp="2021-09-21T16:29:10" time="0.603" tests="1">
    <testcase classname="withPhotos snapshot" name="withPhotos snapshot" time="0.009">
    </testcase>
  </testsuite>
  <testsuite name="Layout" errors="0" failures="0" skipped="0" timestamp="2021-09-21T16:29:10" time="0.481" tests="1">
    <testcase classname="Layout snapshot" name="Layout snapshot" time="0.043">
    </testcase>
  </testsuite>
  <testsuite name="SubmitButton" errors="0" failures="0" skipped="0" timestamp="2021-09-21T16:29:10" time="0.464" tests="1">
    <testcase classname="SubmitButton snapshot" name="SubmitButton snapshot" time="0.028">
    </testcase>
  </testsuite>
  <testsuite name="useCategoriesDatawithPhotos" errors="0" failures="0" skipped="0" timestamp="2021-09-21T16:29:10" time="0.571" tests="1">
    <testcase classname="useCategoriesDatawithPhotos fist test" name="useCategoriesDatawithPhotos fist test" time="0.112">
    </testcase>
  </testsuite>
  <testsuite name="ImageLogin" errors="0" failures="0" skipped="0" timestamp="2021-09-21T16:29:10" time="0.471" tests="1">
    <testcase classname="ImageLogin snapshot" name="ImageLogin snapshot" time="0.008">
    </testcase>
  </testsuite>
  <testsuite name="UserFormRedirect" errors="0" failures="0" skipped="0" timestamp="2021-09-21T16:29:10" time="0.443" tests="1">
    <testcase classname="UserFormRedirect snapshot" name="UserFormRedirect snapshot" time="0.031">
    </testcase>
  </testsuite>
  <testsuite name="ListOfFavs" errors="0" failures="0" skipped="0" timestamp="2021-09-21T16:29:11" time="0.433" tests="1">
    <testcase classname="ListOfFavs snapshot" name="ListOfFavs snapshot" time="0.027">
    </testcase>
  </testsuite>
  <testsuite name="useInputValue" errors="0" failures="0" skipped="0" timestamp="2021-09-21T16:29:11" time="0.446" tests="1">
    <testcase classname="useInputValue fist test" name="useInputValue fist test" time="0.02">
    </testcase>
  </testsuite>
  <testsuite name="useInputValue" errors="0" failures="0" skipped="0" timestamp="2021-09-21T16:29:11" time="0.39" tests="1">
    <testcase classname="useInputValue fist test" name="useInputValue fist test" time="0.011">
    </testcase>
  </testsuite>
  <testsuite name="useLogin" errors="0" failures="0" skipped="0" timestamp="2021-09-21T16:29:11" time="0.547" tests="1">
    <testcase classname="useLogin fist test" name="useLogin fist test" time="0.043">
    </testcase>
  </testsuite>
  <testsuite name="useInputValue" errors="0" failures="0" skipped="0" timestamp="2021-09-21T16:29:11" time="0.433" tests="1">
    <testcase classname="useInputValue fist test" name="useInputValue fist test" time="0.021">
    </testcase>
  </testsuite>
  <testsuite name="useRegister" errors="0" failures="0" skipped="0" timestamp="2021-09-21T16:29:11" time="0.748" tests="1">
    <testcase classname="useRegister fist test" name="useRegister fist test" time="0.033">
    </testcase>
  </testsuite>
</testsuites>